[1727830418624] INFO  (ext): SQLTools is starting
[1727830418626] INFO  (ext): initializing language client...
[1727830418694] INFO  (ext): Registering client for languages [{"scheme":"sqltools"},{"language":"sql","scheme":"untitled"},{"language":"sql","scheme":"file"},{"language":"sql","scheme":"sqltools"}]
    ns: "lc"
[1727830419066] INFO  (ext): loading plugins...
[1727830419066] INFO  (ext): registering Formatter Plugin.
    plugin: {
      "name": "Formatter Plugin"
    }
[1727830419066] INFO  (ext): registering Connection Manager Plugin.
    plugin: {
      "name": "Connection Manager Plugin"
    }
[1727830419066] INFO  (ext): registering CodeLens Plugin.
    plugin: {
      "name": "CodeLens Plugin",
      "registeredLanguages": []
    }
[1727830419067] INFO  (ext): registering Dependency Manager Plugin.
    plugin: {
      "name": "Dependency Manager Plugin",
      "installingDrivers": []
    }
[1727830419069] INFO  (ext): Connection explorer changed. Will be updated.
    ns: "conn-man:explorer"
[1727830419069] INFO  (ext): registering History Manager Plugin.
    plugin: {
      "name": "History Manager Plugin"
    }
[1727830419069] INFO  (ext): registering Bookmarks Manager Plugin.
    plugin: {
      "name": "Bookmarks Manager Plugin"
    }
[1727830419070] INFO  (ext): registering Authentication Provider Plugin.
    plugin: {
      "name": "Authentication Provider Plugin",
      "isRegistered": false
    }
[1727830419070] INFO  (ext): registering Object Drop-in Provider (plugin).
    plugin: {
      "type": "plugin",
      "name": "Object Drop-in Provider",
      "isRegistered": false
    }
[1727830419071] INFO  (ext): SQLTools activation completed. 446.305557 ms
[1727830419078] INFO  (ext): Formatter Plugin registered!
[1727830419078] INFO  (ext): CodeLens Plugin registered!
[1727830419078] INFO  (ext): Dependency Manager Plugin registered!
[1727830419078] INFO  (ext): Connection Manager Plugin registered!
[1727830419078] INFO  (ext): History Manager Plugin registered!
[1727830419078] INFO  (ext): Bookmarks Manager Plugin registered!
[1727830419078] INFO  (ext): Authentication Provider Plugin registered!
[1727830419078] INFO  (ext): Object Drop-in Provider (plugin) registered!
[1727830419216] INFO  (ls): SQLTools Server started!
===============================
Using node runtime?: yes
ExecPath: /opt/nodejs/node-v20.15.1-linux-x64/bin/node v20.15.1
===============================
[1727830419219] INFO  (ls): User defined env vars
===============================
{"PATH":"/usr/local/sbin:/usr/local/bin:/usr/sbin:/usr/bin:/sbin:/bin:/home/user/.node_modules_global/bin"}
===============================:
[1727830420070] INFO  (ext): LanguageClient ready
    ns: "lc"
[1727830420068] INFO  (ls): Initialized with node version:v20.15.1
[1727830420082] INFO  (ext): EXECUTING COMMAND => sqltools.refreshTree
[1727830420082] INFO  (ext): Connection explorer changed. Will be updated.
    ns: "conn-man:explorer"
[1727830420325] INFO  (ext): registering SQLite Plugin (driver).
    plugin: {
      "extensionId": "mtxr.sqltools-driver-sqlite",
      "name": "SQLite Plugin",
      "type": "driver"
    }
[1727830420326] INFO  (ls): REQUEST RECEIVED => ls/RegisterPlugin
[1727830420326] INFO  (ls): request to register plugin: "/extbin/local/openvscode-server/extensions/mtxr.sqltools-driver-sqlite-0.5.0/out/ls/plugin.js"
[1727830420363] INFO  (ls): Driver sqlite registered!
    place: "driver-map"
    ns: "ls-context"
[1727830420794] INFO  (ext): SQLite Plugin (driver) registered!
[1727830422431] INFO  (ext): EXECUTING COMMAND => sqltools.refreshTree
[1727830422431] INFO  (ext): Connection explorer changed. Will be updated.
    ns: "conn-man:explorer"
[1727830422431] INFO  (ext): Connection explorer changed. Will be updated.
    ns: "conn-man:explorer"
[1727830426155] INFO  (ext): Connection explorer changed. Will be updated.
    ns: "conn-man:explorer"
[1727830483398] INFO  (ext): Connection explorer changed. Will be updated.
    ns: "conn-man:explorer"
[1727830493843] INFO  (ext): Connection explorer changed. Will be updated.
    ns: "conn-man:explorer"
[1727830535211] INFO  (ext): Connection explorer changed. Will be updated.
    ns: "conn-man:explorer"
