[1727830641666] INFO  (ext): SQLTools is starting
[1727830641667] INFO  (ext): initializing language client...
[1727830641740] INFO  (ext): Registering client for languages [{"scheme":"sqltools"},{"language":"sql","scheme":"untitled"},{"language":"sql","scheme":"file"},{"language":"sql","scheme":"sqltools"}]
    ns: "lc"
[1727830642124] INFO  (ext): loading plugins...
[1727830642124] INFO  (ext): registering Formatter Plugin.
    plugin: {
      "name": "Formatter Plugin"
    }
[1727830642124] INFO  (ext): registering Connection Manager Plugin.
    plugin: {
      "name": "Connection Manager Plugin"
    }
[1727830642125] INFO  (ext): registering CodeLens Plugin.
    plugin: {
      "name": "CodeLens Plugin",
      "registeredLanguages": []
    }
[1727830642126] INFO  (ext): registering Dependency Manager Plugin.
    plugin: {
      "name": "Dependency Manager Plugin",
      "installingDrivers": []
    }
[1727830642127] INFO  (ext): Connection explorer changed. Will be updated.
    ns: "conn-man:explorer"
[1727830642127] INFO  (ext): registering History Manager Plugin.
    plugin: {
      "name": "History Manager Plugin"
    }
[1727830642127] INFO  (ext): registering Bookmarks Manager Plugin.
    plugin: {
      "name": "Bookmarks Manager Plugin"
    }
[1727830642128] INFO  (ext): registering Authentication Provider Plugin.
    plugin: {
      "name": "Authentication Provider Plugin",
      "isRegistered": false
    }
[1727830642128] INFO  (ext): registering Object Drop-in Provider (plugin).
    plugin: {
      "type": "plugin",
      "name": "Object Drop-in Provider",
      "isRegistered": false
    }
[1727830642129] INFO  (ext): SQLTools activation completed. 463.045402 ms
[1727830642132] INFO  (ext): Formatter Plugin registered!
[1727830642132] INFO  (ext): CodeLens Plugin registered!
[1727830642132] INFO  (ext): Dependency Manager Plugin registered!
[1727830642132] INFO  (ext): Connection Manager Plugin registered!
[1727830642132] INFO  (ext): History Manager Plugin registered!
[1727830642132] INFO  (ext): Bookmarks Manager Plugin registered!
[1727830642132] INFO  (ext): Authentication Provider Plugin registered!
[1727830642132] INFO  (ext): Object Drop-in Provider (plugin) registered!
[1727830643197] INFO  (ext): EXECUTING COMMAND => sqltools.refreshTree
[1727830643197] INFO  (ext): Connection explorer changed. Will be updated.
    ns: "conn-man:explorer"
[1727830643217] INFO  (ls): SQLTools Server started!
===============================
Using node runtime?: yes
ExecPath: /opt/nodejs/node-v20.15.1-linux-x64/bin/node v20.15.1
===============================
[1727830643221] INFO  (ls): User defined env vars
===============================
{"PATH":"/usr/local/sbin:/usr/local/bin:/usr/sbin:/usr/bin:/sbin:/bin:/home/user/.node_modules_global/bin"}
===============================:
[1727830643230] INFO  (ext): LanguageClient ready
    ns: "lc"
[1727830643229] INFO  (ls): Initialized with node version:v20.15.1
[1727830643367] INFO  (ext): registering SQLite Plugin (driver).
    plugin: {
      "extensionId": "mtxr.sqltools-driver-sqlite",
      "name": "SQLite Plugin",
      "type": "driver"
    }
[1727830643368] INFO  (ls): REQUEST RECEIVED => ls/RegisterPlugin
[1727830643368] INFO  (ls): request to register plugin: "/extbin/local/openvscode-server/extensions/mtxr.sqltools-driver-sqlite-0.5.0/out/ls/plugin.js"
[1727830643396] INFO  (ls): Driver sqlite registered!
    place: "driver-map"
    ns: "ls-context"
[1727830643883] INFO  (ext): SQLite Plugin (driver) registered!
[1727830644129] INFO  (ext): Connection explorer changed. Will be updated.
    ns: "conn-man:explorer"
[1727830645143] INFO  (ext): EXECUTING COMMAND => sqltools.refreshTree
[1727830645143] INFO  (ext): Connection explorer changed. Will be updated.
    ns: "conn-man:explorer"
[1727830654837] INFO  (ext): Connection explorer changed. Will be updated.
    ns: "conn-man:explorer"
[1727830661518] INFO  (ext): Connection explorer changed. Will be updated.
    ns: "conn-man:explorer"
[1727830883566] INFO  (ext): Connection explorer changed. Will be updated.
    ns: "conn-man:explorer"
[1727830908887] INFO  (ext): Connection explorer changed. Will be updated.
    ns: "conn-man:explorer"
[1727831023288] INFO  (ext): Connection explorer changed. Will be updated.
    ns: "conn-man:explorer"
[1727831024980] INFO  (ext): Connection explorer changed. Will be updated.
    ns: "conn-man:explorer"
[1727831024981] INFO  (ext): Connection explorer changed. Will be updated.
    ns: "conn-man:explorer"
[1727831209207] INFO  (ext): Connection explorer changed. Will be updated.
    ns: "conn-man:explorer"
[1727831402303] INFO  (ext): Connection explorer changed. Will be updated.
    ns: "conn-man:explorer"
[1727831423878] INFO  (ext): EXECUTING COMMAND => sqltools.selectConnection
[1727831423880] INFO  (ls): REQUEST RECEIVED => connection/GetConnectionsRequest
